{"/Users/sonquach/Documents/coding/challenge/netflix-clone-backend/src/app.ts": {"path":"/Users/sonquach/Documents/coding/challenge/netflix-clone-backend/src/app.ts","statementMap":{"0":{"start":{"line":1,"column":0},"end":{"line":1,"column":29}},"1":{"start":{"line":2,"column":0},"end":{"line":2,"column":58}},"2":{"start":{"line":3,"column":0},"end":{"line":3,"column":51}},"3":{"start":{"line":4,"column":0},"end":{"line":4,"column":29}},"4":{"start":{"line":5,"column":0},"end":{"line":5,"column":71}},"5":{"start":{"line":6,"column":0},"end":{"line":6,"column":68}},"6":{"start":{"line":7,"column":0},"end":{"line":7,"column":68}},"7":{"start":{"line":8,"column":12},"end":{"line":8,"column":21}},"8":{"start":{"line":11,"column":0},"end":{"line":11,"column":null}},"9":{"start":{"line":14,"column":0},"end":{"line":14,"column":null}},"10":{"start":{"line":15,"column":0},"end":{"line":15,"column":null}},"11":{"start":{"line":18,"column":0},"end":{"line":18,"column":null}},"12":{"start":{"line":21,"column":0},"end":{"line":21,"column":null}},"13":{"start":{"line":24,"column":0},"end":{"line":24,"column":null}},"14":{"start":{"line":24,"column":32},"end":{"line":24,"column":65}},"15":{"start":{"line":25,"column":0},"end":{"line":25,"column":null}},"16":{"start":{"line":25,"column":33},"end":{"line":25,"column":73}},"17":{"start":{"line":27,"column":0},"end":{"line":27,"column":null}}},"fnMap":{"0":{"name":"(anonymous_1)","decl":{"start":{"line":24,"column":26},"end":{"line":24,"column":29}},"loc":{"start":{"line":24,"column":32},"end":{"line":24,"column":65}}},"1":{"name":"(anonymous_2)","decl":{"start":{"line":25,"column":24},"end":{"line":25,"column":25}},"loc":{"start":{"line":25,"column":33},"end":{"line":25,"column":73}}}},"branchMap":{},"s":{"0":1,"1":1,"2":1,"3":1,"4":1,"5":1,"6":1,"7":1,"8":1,"9":1,"10":1,"11":1,"12":1,"13":1,"14":1,"15":1,"16":0,"17":1},"f":{"0":1,"1":0},"b":{}}
,"/Users/sonquach/Documents/coding/challenge/netflix-clone-backend/src/logger.ts": {"path":"/Users/sonquach/Documents/coding/challenge/netflix-clone-backend/src/logger.ts","statementMap":{"0":{"start":{"line":1,"column":0},"end":{"line":1,"column":58}},"1":{"start":{"line":2,"column":0},"end":{"line":2,"column":65}},"2":{"start":{"line":3,"column":0},"end":{"line":3,"column":49}},"3":{"start":{"line":4,"column":0},"end":{"line":4,"column":null}},"4":{"start":{"line":6,"column":22},"end":{"line":23,"column":null}},"5":{"start":{"line":12,"column":8},"end":{"line":17,"column":9}},"6":{"start":{"line":13,"column":10},"end":{"line":16,"column":null}},"7":{"start":{"line":18,"column":8},"end":{"line":18,"column":null}},"8":{"start":{"line":25,"column":15},"end":{"line":30,"column":2}},"9":{"start":{"line":32,"column":0},"end":{"line":32,"column":null}}},"fnMap":{"0":{"name":"(anonymous_1)","decl":{"start":{"line":11,"column":16},"end":{"line":11,"column":17}},"loc":{"start":{"line":11,"column":31},"end":{"line":19,"column":7}}}},"branchMap":{"0":{"loc":{"start":{"line":12,"column":8},"end":{"line":17,"column":9}},"type":"if","locations":[{"start":{"line":12,"column":8},"end":{"line":17,"column":9}}]},"1":{"loc":{"start":{"line":29,"column":9},"end":{"line":29,"column":66}},"type":"cond-expr","locations":[{"start":{"line":29,"column":50},"end":{"line":29,"column":57}},{"start":{"line":29,"column":60},"end":{"line":29,"column":66}}]}},"s":{"0":1,"1":1,"2":1,"3":1,"4":1,"5":6,"6":0,"7":6,"8":1,"9":1},"f":{"0":6},"b":{"0":[0],"1":[0,1]}}
,"/Users/sonquach/Documents/coding/challenge/netflix-clone-backend/src/config/dotenv.config.ts": {"path":"/Users/sonquach/Documents/coding/challenge/netflix-clone-backend/src/config/dotenv.config.ts","statementMap":{"0":{"start":{"line":1,"column":0},"end":{"line":1,"column":27}},"1":{"start":{"line":3,"column":0},"end":{"line":10,"column":null}},"2":{"start":{"line":5,"column":19},"end":{"line":5,"column":34}},"3":{"start":{"line":6,"column":4},"end":{"line":8,"column":5}},"4":{"start":{"line":7,"column":6},"end":{"line":7,"column":null}}},"fnMap":{"0":{"name":"(anonymous_1)","decl":{"start":{"line":4,"column":10},"end":{"line":4,"column":13}},"loc":{"start":{"line":4,"column":15},"end":{"line":9,"column":3}}}},"branchMap":{"0":{"loc":{"start":{"line":6,"column":4},"end":{"line":8,"column":5}},"type":"if","locations":[{"start":{"line":6,"column":4},"end":{"line":8,"column":5}}]}},"s":{"0":1,"1":1,"2":4,"3":4,"4":0},"f":{"0":4},"b":{"0":[0]}}
,"/Users/sonquach/Documents/coding/challenge/netflix-clone-backend/src/config/express.config.ts": {"path":"/Users/sonquach/Documents/coding/challenge/netflix-clone-backend/src/config/express.config.ts","statementMap":{"0":{"start":{"line":2,"column":0},"end":{"line":2,"column":23}},"1":{"start":{"line":3,"column":0},"end":{"line":3,"column":37}},"2":{"start":{"line":4,"column":0},"end":{"line":4,"column":40}},"3":{"start":{"line":5,"column":0},"end":{"line":5,"column":36}},"4":{"start":{"line":6,"column":0},"end":{"line":6,"column":42}},"5":{"start":{"line":8,"column":0},"end":{"line":8,"column":null}},"6":{"start":{"line":10,"column":32},"end":{"line":24,"column":1}},"7":{"start":{"line":11,"column":2},"end":{"line":18,"column":null}},"8":{"start":{"line":20,"column":2},"end":{"line":20,"column":null}},"9":{"start":{"line":21,"column":2},"end":{"line":21,"column":null}},"10":{"start":{"line":22,"column":2},"end":{"line":22,"column":null}},"11":{"start":{"line":23,"column":2},"end":{"line":23,"column":null}},"12":{"start":{"line":10,"column":13},"end":{"line":10,"column":32}}},"fnMap":{"0":{"name":"(anonymous_1)","decl":{"start":{"line":10,"column":32},"end":{"line":10,"column":33}},"loc":{"start":{"line":10,"column":61},"end":{"line":24,"column":1}}}},"branchMap":{},"s":{"0":1,"1":1,"2":1,"3":1,"4":1,"5":1,"6":1,"7":1,"8":1,"9":1,"10":1,"11":1,"12":1},"f":{"0":1},"b":{}}
,"/Users/sonquach/Documents/coding/challenge/netflix-clone-backend/src/config/redis.config.ts": {"path":"/Users/sonquach/Documents/coding/challenge/netflix-clone-backend/src/config/redis.config.ts","statementMap":{"0":{"start":{"line":1,"column":0},"end":{"line":1,"column":27}},"1":{"start":{"line":3,"column":20},"end":{"line":7,"column":null}},"2":{"start":{"line":9,"column":13},"end":{"line":9,"column":null}}},"fnMap":{},"branchMap":{"0":{"loc":{"start":{"line":4,"column":8},"end":{"line":4,"column":45}},"type":"binary-expr","locations":[{"start":{"line":4,"column":8},"end":{"line":4,"column":30}},{"start":{"line":4,"column":34},"end":{"line":4,"column":45}}]},"1":{"loc":{"start":{"line":5,"column":17},"end":{"line":5,"column":49}},"type":"binary-expr","locations":[{"start":{"line":5,"column":17},"end":{"line":5,"column":39}},{"start":{"line":5,"column":43},"end":{"line":5,"column":49}}]}},"s":{"0":1,"1":1,"2":1},"f":{},"b":{"0":[1,0],"1":[1,0]}}
,"/Users/sonquach/Documents/coding/challenge/netflix-clone-backend/src/controllers/auth.controller.ts": {"path":"/Users/sonquach/Documents/coding/challenge/netflix-clone-backend/src/controllers/auth.controller.ts","statementMap":{"0":{"start":{"line":13,"column":0},"end":{"line":13,"column":7}},"1":{"start":{"line":51,"column":0},"end":{"line":51,"column":7}},"2":{"start":{"line":77,"column":0},"end":{"line":77,"column":7}},"3":{"start":{"line":86,"column":0},"end":{"line":86,"column":7}},"4":{"start":{"line":2,"column":0},"end":{"line":2,"column":null}},"5":{"start":{"line":10,"column":0},"end":{"line":10,"column":66}},"6":{"start":{"line":11,"column":0},"end":{"line":11,"column":43}},"7":{"start":{"line":14,"column":2},"end":{"line":48,"column":3}},"8":{"start":{"line":15,"column":42},"end":{"line":15,"column":50}},"9":{"start":{"line":18,"column":4},"end":{"line":18,"column":null}},"10":{"start":{"line":21,"column":4},"end":{"line":21,"column":null}},"11":{"start":{"line":24,"column":27},"end":{"line":24,"column":55}},"12":{"start":{"line":27,"column":18},"end":{"line":27,"column":39}},"13":{"start":{"line":30,"column":20},"end":{"line":30,"column":82}},"14":{"start":{"line":33,"column":18},"end":{"line":33,"column":66}},"15":{"start":{"line":36,"column":4},"end":{"line":36,"column":null}},"16":{"start":{"line":38,"column":4},"end":{"line":45,"column":null}},"17":{"start":{"line":47,"column":4},"end":{"line":47,"column":null}},"18":{"start":{"line":52,"column":2},"end":{"line":74,"column":3}},"19":{"start":{"line":53,"column":32},"end":{"line":53,"column":40}},"20":{"start":{"line":56,"column":4},"end":{"line":56,"column":null}},"21":{"start":{"line":59,"column":17},"end":{"line":59,"column":56}},"22":{"start":{"line":62,"column":18},"end":{"line":62,"column":63}},"23":{"start":{"line":64,"column":4},"end":{"line":71,"column":null}},"24":{"start":{"line":73,"column":4},"end":{"line":73,"column":null}},"25":{"start":{"line":78,"column":2},"end":{"line":83,"column":3}},"26":{"start":{"line":79,"column":4},"end":{"line":79,"column":null}},"27":{"start":{"line":80,"column":4},"end":{"line":80,"column":null}},"28":{"start":{"line":82,"column":4},"end":{"line":82,"column":null}},"29":{"start":{"line":87,"column":2},"end":{"line":91,"column":3}},"30":{"start":{"line":88,"column":4},"end":{"line":88,"column":null}},"31":{"start":{"line":90,"column":4},"end":{"line":90,"column":null}}},"fnMap":{"0":{"name":"signup","decl":{"start":{"line":13,"column":22},"end":{"line":13,"column":28}},"loc":{"start":{"line":13,"column":76},"end":{"line":49,"column":1}}},"1":{"name":"login","decl":{"start":{"line":51,"column":22},"end":{"line":51,"column":27}},"loc":{"start":{"line":51,"column":75},"end":{"line":75,"column":1}}},"2":{"name":"logout","decl":{"start":{"line":77,"column":22},"end":{"line":77,"column":28}},"loc":{"start":{"line":77,"column":76},"end":{"line":84,"column":1}}},"3":{"name":"authCheck","decl":{"start":{"line":86,"column":22},"end":{"line":86,"column":31}},"loc":{"start":{"line":86,"column":79},"end":{"line":92,"column":1}}}},"branchMap":{},"s":{"0":1,"1":1,"2":1,"3":1,"4":1,"5":1,"6":1,"7":5,"8":5,"9":5,"10":5,"11":1,"12":1,"13":1,"14":1,"15":1,"16":1,"17":4,"18":6,"19":6,"20":6,"21":6,"22":2,"23":2,"24":4,"25":1,"26":1,"27":1,"28":0,"29":1,"30":1,"31":0},"f":{"0":5,"1":6,"2":1,"3":1},"b":{}}
,"/Users/sonquach/Documents/coding/challenge/netflix-clone-backend/src/controllers/movie.controller.ts": {"path":"/Users/sonquach/Documents/coding/challenge/netflix-clone-backend/src/controllers/movie.controller.ts","statementMap":{"0":{"start":{"line":9,"column":0},"end":{"line":9,"column":7}},"1":{"start":{"line":23,"column":0},"end":{"line":23,"column":7}},"2":{"start":{"line":39,"column":0},"end":{"line":39,"column":7}},"3":{"start":{"line":65,"column":0},"end":{"line":65,"column":7}},"4":{"start":{"line":77,"column":0},"end":{"line":77,"column":7}},"5":{"start":{"line":2,"column":0},"end":{"line":2,"column":56}},"6":{"start":{"line":4,"column":0},"end":{"line":4,"column":47}},"7":{"start":{"line":7,"column":0},"end":{"line":7,"column":42}},"8":{"start":{"line":10,"column":2},"end":{"line":20,"column":3}},"9":{"start":{"line":11,"column":17},"end":{"line":12,"column":null}},"10":{"start":{"line":15,"column":24},"end":{"line":15,"column":85}},"11":{"start":{"line":17,"column":4},"end":{"line":17,"column":null}},"12":{"start":{"line":19,"column":4},"end":{"line":19,"column":null}},"13":{"start":{"line":24,"column":17},"end":{"line":24,"column":27}},"14":{"start":{"line":25,"column":2},"end":{"line":36,"column":3}},"15":{"start":{"line":26,"column":17},"end":{"line":27,"column":null}},"16":{"start":{"line":29,"column":4},"end":{"line":29,"column":null}},"17":{"start":{"line":31,"column":4},"end":{"line":35,"column":5}},"18":{"start":{"line":32,"column":6},"end":{"line":32,"column":null}},"19":{"start":{"line":34,"column":6},"end":{"line":34,"column":null}},"20":{"start":{"line":40,"column":17},"end":{"line":40,"column":27}},"21":{"start":{"line":41,"column":2},"end":{"line":62,"column":3}},"22":{"start":{"line":42,"column":17},"end":{"line":42,"column":109}},"23":{"start":{"line":44,"column":4},"end":{"line":54,"column":null}},"24":{"start":{"line":55,"column":4},"end":{"line":55,"column":null}},"25":{"start":{"line":57,"column":4},"end":{"line":61,"column":5}},"26":{"start":{"line":58,"column":6},"end":{"line":58,"column":null}},"27":{"start":{"line":60,"column":6},"end":{"line":60,"column":null}},"28":{"start":{"line":66,"column":17},"end":{"line":66,"column":27}},"29":{"start":{"line":67,"column":2},"end":{"line":74,"column":3}},"30":{"start":{"line":68,"column":17},"end":{"line":69,"column":null}},"31":{"start":{"line":71,"column":4},"end":{"line":71,"column":null}},"32":{"start":{"line":73,"column":4},"end":{"line":73,"column":null}},"33":{"start":{"line":78,"column":23},"end":{"line":78,"column":33}},"34":{"start":{"line":79,"column":2},"end":{"line":86,"column":3}},"35":{"start":{"line":80,"column":17},"end":{"line":81,"column":null}},"36":{"start":{"line":83,"column":4},"end":{"line":83,"column":null}},"37":{"start":{"line":85,"column":4},"end":{"line":85,"column":null}}},"fnMap":{"0":{"name":"getTrendingMovie","decl":{"start":{"line":9,"column":22},"end":{"line":9,"column":38}},"loc":{"start":{"line":9,"column":86},"end":{"line":21,"column":1}}},"1":{"name":"getMovieTrailers","decl":{"start":{"line":23,"column":22},"end":{"line":23,"column":38}},"loc":{"start":{"line":23,"column":86},"end":{"line":37,"column":1}}},"2":{"name":"getMovieDetails","decl":{"start":{"line":39,"column":22},"end":{"line":39,"column":37}},"loc":{"start":{"line":39,"column":85},"end":{"line":63,"column":1}}},"3":{"name":"getSimilarMovies","decl":{"start":{"line":65,"column":22},"end":{"line":65,"column":38}},"loc":{"start":{"line":65,"column":86},"end":{"line":75,"column":1}}},"4":{"name":"getMoviesByCategory","decl":{"start":{"line":77,"column":22},"end":{"line":77,"column":41}},"loc":{"start":{"line":77,"column":89},"end":{"line":87,"column":1}}}},"branchMap":{"0":{"loc":{"start":{"line":31,"column":4},"end":{"line":35,"column":5}},"type":"if","locations":[{"start":{"line":31,"column":4},"end":{"line":35,"column":5}},{"start":{"line":33,"column":11},"end":{"line":35,"column":5}}]},"1":{"loc":{"start":{"line":57,"column":4},"end":{"line":61,"column":5}},"type":"if","locations":[{"start":{"line":57,"column":4},"end":{"line":61,"column":5}},{"start":{"line":59,"column":11},"end":{"line":61,"column":5}}]}},"s":{"0":1,"1":1,"2":1,"3":1,"4":1,"5":1,"6":1,"7":1,"8":0,"9":0,"10":0,"11":0,"12":0,"13":0,"14":0,"15":0,"16":0,"17":0,"18":0,"19":0,"20":0,"21":0,"22":0,"23":0,"24":0,"25":0,"26":0,"27":0,"28":0,"29":0,"30":0,"31":0,"32":0,"33":0,"34":0,"35":0,"36":0,"37":0},"f":{"0":0,"1":0,"2":0,"3":0,"4":0},"b":{"0":[0,0],"1":[0,0]}}
,"/Users/sonquach/Documents/coding/challenge/netflix-clone-backend/src/controllers/search.controller.ts": {"path":"/Users/sonquach/Documents/coding/challenge/netflix-clone-backend/src/controllers/search.controller.ts","statementMap":{"0":{"start":{"line":9,"column":0},"end":{"line":9,"column":7}},"1":{"start":{"line":63,"column":0},"end":{"line":63,"column":7}},"2":{"start":{"line":81,"column":0},"end":{"line":81,"column":7}},"3":{"start":{"line":99,"column":0},"end":{"line":99,"column":7}},"4":{"start":{"line":107,"column":0},"end":{"line":107,"column":7}},"5":{"start":{"line":2,"column":0},"end":{"line":2,"column":42}},"6":{"start":{"line":3,"column":0},"end":{"line":3,"column":55}},"7":{"start":{"line":7,"column":0},"end":{"line":7,"column":46}},"8":{"start":{"line":10,"column":20},"end":{"line":10,"column":30}},"9":{"start":{"line":11,"column":2},"end":{"line":60,"column":3}},"10":{"start":{"line":12,"column":57},"end":{"line":13,"column":null}},"11":{"start":{"line":16,"column":4},"end":{"line":18,"column":5}},"12":{"start":{"line":17,"column":6},"end":{"line":17,"column":null}},"13":{"start":{"line":21,"column":19},"end":{"line":21,"column":38}},"14":{"start":{"line":23,"column":26},"end":{"line":27,"column":6}},"15":{"start":{"line":29,"column":4},"end":{"line":54,"column":5}},"16":{"start":{"line":30,"column":6},"end":{"line":41,"column":null}},"17":{"start":{"line":43,"column":6},"end":{"line":53,"column":null}},"18":{"start":{"line":57,"column":4},"end":{"line":57,"column":null}},"19":{"start":{"line":59,"column":4},"end":{"line":59,"column":null}},"20":{"start":{"line":64,"column":20},"end":{"line":64,"column":30}},"21":{"start":{"line":66,"column":2},"end":{"line":78,"column":3}},"22":{"start":{"line":67,"column":56},"end":{"line":68,"column":null}},"23":{"start":{"line":71,"column":4},"end":{"line":73,"column":5}},"24":{"start":{"line":72,"column":6},"end":{"line":72,"column":null}},"25":{"start":{"line":75,"column":4},"end":{"line":75,"column":null}},"26":{"start":{"line":77,"column":4},"end":{"line":77,"column":null}},"27":{"start":{"line":82,"column":20},"end":{"line":82,"column":30}},"28":{"start":{"line":84,"column":2},"end":{"line":96,"column":3}},"29":{"start":{"line":85,"column":58},"end":{"line":86,"column":null}},"30":{"start":{"line":89,"column":4},"end":{"line":91,"column":5}},"31":{"start":{"line":90,"column":6},"end":{"line":90,"column":null}},"32":{"start":{"line":93,"column":4},"end":{"line":93,"column":null}},"33":{"start":{"line":95,"column":4},"end":{"line":95,"column":null}},"34":{"start":{"line":100,"column":2},"end":{"line":104,"column":3}},"35":{"start":{"line":101,"column":4},"end":{"line":101,"column":null}},"36":{"start":{"line":103,"column":4},"end":{"line":103,"column":null}},"37":{"start":{"line":108,"column":17},"end":{"line":108,"column":27}},"38":{"start":{"line":110,"column":19},"end":{"line":110,"column":31}},"39":{"start":{"line":112,"column":2},"end":{"line":122,"column":3}},"40":{"start":{"line":113,"column":4},"end":{"line":117,"column":null}},"41":{"start":{"line":119,"column":4},"end":{"line":119,"column":null}},"42":{"start":{"line":121,"column":4},"end":{"line":121,"column":null}}},"fnMap":{"0":{"name":"searchPerson","decl":{"start":{"line":9,"column":22},"end":{"line":9,"column":34}},"loc":{"start":{"line":9,"column":82},"end":{"line":61,"column":1}}},"1":{"name":"searchMovie","decl":{"start":{"line":63,"column":22},"end":{"line":63,"column":33}},"loc":{"start":{"line":63,"column":81},"end":{"line":79,"column":1}}},"2":{"name":"searchTv","decl":{"start":{"line":81,"column":22},"end":{"line":81,"column":30}},"loc":{"start":{"line":81,"column":78},"end":{"line":97,"column":1}}},"3":{"name":"getSearchHistory","decl":{"start":{"line":99,"column":22},"end":{"line":99,"column":38}},"loc":{"start":{"line":99,"column":86},"end":{"line":105,"column":1}}},"4":{"name":"removeItemFromSearchHistory","decl":{"start":{"line":107,"column":22},"end":{"line":107,"column":49}},"loc":{"start":{"line":107,"column":97},"end":{"line":123,"column":1}}}},"branchMap":{"0":{"loc":{"start":{"line":16,"column":4},"end":{"line":18,"column":5}},"type":"if","locations":[{"start":{"line":16,"column":4},"end":{"line":18,"column":5}}]},"1":{"loc":{"start":{"line":29,"column":4},"end":{"line":54,"column":5}},"type":"if","locations":[{"start":{"line":29,"column":4},"end":{"line":54,"column":5}},{"start":{"line":42,"column":11},"end":{"line":54,"column":5}}]},"2":{"loc":{"start":{"line":71,"column":4},"end":{"line":73,"column":5}},"type":"if","locations":[{"start":{"line":71,"column":4},"end":{"line":73,"column":5}}]},"3":{"loc":{"start":{"line":89,"column":4},"end":{"line":91,"column":5}},"type":"if","locations":[{"start":{"line":89,"column":4},"end":{"line":91,"column":5}}]}},"s":{"0":1,"1":1,"2":1,"3":1,"4":1,"5":1,"6":1,"7":1,"8":0,"9":0,"10":0,"11":0,"12":0,"13":0,"14":0,"15":0,"16":0,"17":0,"18":0,"19":0,"20":0,"21":0,"22":0,"23":0,"24":0,"25":0,"26":0,"27":0,"28":0,"29":0,"30":0,"31":0,"32":0,"33":0,"34":0,"35":0,"36":0,"37":0,"38":0,"39":0,"40":0,"41":0,"42":0},"f":{"0":0,"1":0,"2":0,"3":0,"4":0},"b":{"0":[0],"1":[0,0],"2":[0],"3":[0]}}
,"/Users/sonquach/Documents/coding/challenge/netflix-clone-backend/src/controllers/tv.controller.ts": {"path":"/Users/sonquach/Documents/coding/challenge/netflix-clone-backend/src/controllers/tv.controller.ts","statementMap":{"0":{"start":{"line":8,"column":0},"end":{"line":8,"column":7}},"1":{"start":{"line":21,"column":0},"end":{"line":21,"column":7}},"2":{"start":{"line":37,"column":0},"end":{"line":37,"column":7}},"3":{"start":{"line":63,"column":0},"end":{"line":63,"column":7}},"4":{"start":{"line":75,"column":0},"end":{"line":75,"column":7}},"5":{"start":{"line":2,"column":0},"end":{"line":2,"column":55}},"6":{"start":{"line":4,"column":0},"end":{"line":4,"column":47}},"7":{"start":{"line":6,"column":0},"end":{"line":6,"column":42}},"8":{"start":{"line":9,"column":2},"end":{"line":18,"column":3}},"9":{"start":{"line":10,"column":54},"end":{"line":11,"column":null}},"10":{"start":{"line":13,"column":24},"end":{"line":13,"column":85}},"11":{"start":{"line":15,"column":4},"end":{"line":15,"column":null}},"12":{"start":{"line":17,"column":4},"end":{"line":17,"column":null}},"13":{"start":{"line":22,"column":17},"end":{"line":22,"column":27}},"14":{"start":{"line":23,"column":2},"end":{"line":34,"column":3}},"15":{"start":{"line":24,"column":39},"end":{"line":25,"column":null}},"16":{"start":{"line":27,"column":4},"end":{"line":27,"column":null}},"17":{"start":{"line":29,"column":4},"end":{"line":33,"column":5}},"18":{"start":{"line":30,"column":6},"end":{"line":30,"column":null}},"19":{"start":{"line":32,"column":6},"end":{"line":32,"column":null}},"20":{"start":{"line":38,"column":17},"end":{"line":38,"column":27}},"21":{"start":{"line":39,"column":2},"end":{"line":60,"column":3}},"22":{"start":{"line":40,"column":17},"end":{"line":40,"column":108}},"23":{"start":{"line":42,"column":4},"end":{"line":52,"column":null}},"24":{"start":{"line":53,"column":4},"end":{"line":53,"column":null}},"25":{"start":{"line":55,"column":4},"end":{"line":59,"column":5}},"26":{"start":{"line":56,"column":6},"end":{"line":56,"column":null}},"27":{"start":{"line":58,"column":6},"end":{"line":58,"column":null}},"28":{"start":{"line":64,"column":17},"end":{"line":64,"column":27}},"29":{"start":{"line":65,"column":2},"end":{"line":72,"column":3}},"30":{"start":{"line":66,"column":40},"end":{"line":67,"column":null}},"31":{"start":{"line":69,"column":4},"end":{"line":69,"column":null}},"32":{"start":{"line":71,"column":4},"end":{"line":71,"column":null}},"33":{"start":{"line":76,"column":23},"end":{"line":76,"column":33}},"34":{"start":{"line":77,"column":2},"end":{"line":84,"column":3}},"35":{"start":{"line":78,"column":41},"end":{"line":79,"column":null}},"36":{"start":{"line":81,"column":4},"end":{"line":81,"column":null}},"37":{"start":{"line":83,"column":4},"end":{"line":83,"column":null}}},"fnMap":{"0":{"name":"getTrendingTv","decl":{"start":{"line":8,"column":22},"end":{"line":8,"column":35}},"loc":{"start":{"line":8,"column":83},"end":{"line":19,"column":1}}},"1":{"name":"getTvTrailers","decl":{"start":{"line":21,"column":22},"end":{"line":21,"column":35}},"loc":{"start":{"line":21,"column":83},"end":{"line":35,"column":1}}},"2":{"name":"getTvDetails","decl":{"start":{"line":37,"column":22},"end":{"line":37,"column":34}},"loc":{"start":{"line":37,"column":82},"end":{"line":61,"column":1}}},"3":{"name":"getSimilarTvs","decl":{"start":{"line":63,"column":22},"end":{"line":63,"column":35}},"loc":{"start":{"line":63,"column":83},"end":{"line":73,"column":1}}},"4":{"name":"getTvsByCategory","decl":{"start":{"line":75,"column":22},"end":{"line":75,"column":38}},"loc":{"start":{"line":75,"column":86},"end":{"line":85,"column":1}}}},"branchMap":{"0":{"loc":{"start":{"line":29,"column":4},"end":{"line":33,"column":5}},"type":"if","locations":[{"start":{"line":29,"column":4},"end":{"line":33,"column":5}},{"start":{"line":31,"column":11},"end":{"line":33,"column":5}}]},"1":{"loc":{"start":{"line":55,"column":4},"end":{"line":59,"column":5}},"type":"if","locations":[{"start":{"line":55,"column":4},"end":{"line":59,"column":5}},{"start":{"line":57,"column":11},"end":{"line":59,"column":5}}]}},"s":{"0":1,"1":1,"2":1,"3":1,"4":1,"5":1,"6":1,"7":1,"8":0,"9":0,"10":0,"11":0,"12":0,"13":0,"14":0,"15":0,"16":0,"17":0,"18":0,"19":0,"20":0,"21":0,"22":0,"23":0,"24":0,"25":0,"26":0,"27":0,"28":0,"29":0,"30":0,"31":0,"32":0,"33":0,"34":0,"35":0,"36":0,"37":0},"f":{"0":0,"1":0,"2":0,"3":0,"4":0},"b":{"0":[0,0],"1":[0,0]}}
,"/Users/sonquach/Documents/coding/challenge/netflix-clone-backend/src/errors/application-error.ts": {"path":"/Users/sonquach/Documents/coding/challenge/netflix-clone-backend/src/errors/application-error.ts","statementMap":{"0":{"start":{"line":5,"column":4},"end":{"line":5,"column":null}},"1":{"start":{"line":6,"column":4},"end":{"line":6,"column":null}},"2":{"start":{"line":7,"column":4},"end":{"line":7,"column":null}},"3":{"start":{"line":1,"column":0},"end":{"line":1,"column":21}}},"fnMap":{"0":{"name":"(anonymous_0)","decl":{"start":{"line":4,"column":2},"end":{"line":4,"column":14}},"loc":{"start":{"line":4,"column":72},"end":{"line":8,"column":3}}}},"branchMap":{"0":{"loc":{"start":{"line":4,"column":14},"end":{"line":4,"column":50}},"type":"default-arg","locations":[{"start":{"line":4,"column":32},"end":{"line":4,"column":50}}]},"1":{"loc":{"start":{"line":4,"column":52},"end":{"line":4,"column":72}},"type":"default-arg","locations":[{"start":{"line":4,"column":69},"end":{"line":4,"column":72}}]}},"s":{"0":9,"1":9,"2":9,"3":2},"f":{"0":9},"b":{"0":[0],"1":[0]}}
,"/Users/sonquach/Documents/coding/challenge/netflix-clone-backend/src/errors/bad-request.ts": {"path":"/Users/sonquach/Documents/coding/challenge/netflix-clone-backend/src/errors/bad-request.ts","statementMap":{"0":{"start":{"line":1,"column":0},"end":{"line":1,"column":50}},"1":{"start":{"line":5,"column":4},"end":{"line":5,"column":null}},"2":{"start":{"line":3,"column":0},"end":{"line":3,"column":21}}},"fnMap":{"0":{"name":"(anonymous_1)","decl":{"start":{"line":4,"column":2},"end":{"line":4,"column":14}},"loc":{"start":{"line":4,"column":45},"end":{"line":6,"column":3}}}},"branchMap":{"0":{"loc":{"start":{"line":4,"column":14},"end":{"line":4,"column":45}},"type":"default-arg","locations":[{"start":{"line":4,"column":32},"end":{"line":4,"column":45}}]}},"s":{"0":2,"1":4,"2":2},"f":{"0":4},"b":{"0":[0]}}
,"/Users/sonquach/Documents/coding/challenge/netflix-clone-backend/src/errors/internal-server-error.ts": {"path":"/Users/sonquach/Documents/coding/challenge/netflix-clone-backend/src/errors/internal-server-error.ts","statementMap":{"0":{"start":{"line":1,"column":0},"end":{"line":1,"column":50}},"1":{"start":{"line":5,"column":4},"end":{"line":5,"column":null}},"2":{"start":{"line":3,"column":0},"end":{"line":3,"column":21}}},"fnMap":{"0":{"name":"(anonymous_1)","decl":{"start":{"line":4,"column":2},"end":{"line":4,"column":14}},"loc":{"start":{"line":4,"column":55},"end":{"line":6,"column":3}}}},"branchMap":{"0":{"loc":{"start":{"line":4,"column":14},"end":{"line":4,"column":55}},"type":"default-arg","locations":[{"start":{"line":4,"column":32},"end":{"line":4,"column":55}}]}},"s":{"0":1,"1":0,"2":1},"f":{"0":0},"b":{"0":[0]}}
,"/Users/sonquach/Documents/coding/challenge/netflix-clone-backend/src/errors/not-found.ts": {"path":"/Users/sonquach/Documents/coding/challenge/netflix-clone-backend/src/errors/not-found.ts","statementMap":{"0":{"start":{"line":1,"column":0},"end":{"line":1,"column":50}},"1":{"start":{"line":5,"column":4},"end":{"line":5,"column":null}},"2":{"start":{"line":3,"column":0},"end":{"line":3,"column":21}}},"fnMap":{"0":{"name":"(anonymous_1)","decl":{"start":{"line":4,"column":2},"end":{"line":4,"column":14}},"loc":{"start":{"line":4,"column":43},"end":{"line":6,"column":3}}}},"branchMap":{"0":{"loc":{"start":{"line":4,"column":14},"end":{"line":4,"column":43}},"type":"default-arg","locations":[{"start":{"line":4,"column":32},"end":{"line":4,"column":43}}]}},"s":{"0":2,"1":0,"2":2},"f":{"0":0},"b":{"0":[0]}}
,"/Users/sonquach/Documents/coding/challenge/netflix-clone-backend/src/errors/unauthorized-error.ts": {"path":"/Users/sonquach/Documents/coding/challenge/netflix-clone-backend/src/errors/unauthorized-error.ts","statementMap":{"0":{"start":{"line":1,"column":0},"end":{"line":1,"column":50}},"1":{"start":{"line":5,"column":4},"end":{"line":5,"column":null}},"2":{"start":{"line":3,"column":0},"end":{"line":3,"column":21}}},"fnMap":{"0":{"name":"(anonymous_1)","decl":{"start":{"line":4,"column":2},"end":{"line":4,"column":14}},"loc":{"start":{"line":4,"column":46},"end":{"line":6,"column":3}}}},"branchMap":{"0":{"loc":{"start":{"line":4,"column":14},"end":{"line":4,"column":46}},"type":"default-arg","locations":[{"start":{"line":4,"column":32},"end":{"line":4,"column":46}}]}},"s":{"0":2,"1":5,"2":2},"f":{"0":5},"b":{"0":[0]}}
,"/Users/sonquach/Documents/coding/challenge/netflix-clone-backend/src/lib/winston-console-transport.ts": {"path":"/Users/sonquach/Documents/coding/challenge/netflix-clone-backend/src/lib/winston-console-transport.ts","statementMap":{"0":{"start":{"line":1,"column":0},"end":{"line":1,"column":41}},"1":{"start":{"line":3,"column":0},"end":{"line":3,"column":33}},"2":{"start":{"line":9,"column":46},"end":{"line":16,"column":null}},"3":{"start":{"line":20,"column":18},"end":{"line":20,"column":78}},"4":{"start":{"line":21,"column":22},"end":{"line":21,"column":63}},"5":{"start":{"line":22,"column":25},"end":{"line":22,"column":68}},"6":{"start":{"line":24,"column":4},"end":{"line":24,"column":null}},"7":{"start":{"line":26,"column":4},"end":{"line":28,"column":5}},"8":{"start":{"line":27,"column":6},"end":{"line":27,"column":null}},"9":{"start":{"line":30,"column":4},"end":{"line":30,"column":null}},"10":{"start":{"line":18,"column":0},"end":{"line":18,"column":21}}},"fnMap":{"0":{"name":"(anonymous_1)","decl":{"start":{"line":19,"column":2},"end":{"line":19,"column":5}},"loc":{"start":{"line":19,"column":42},"end":{"line":31,"column":3}}}},"branchMap":{"0":{"loc":{"start":{"line":20,"column":18},"end":{"line":20,"column":78}},"type":"binary-expr","locations":[{"start":{"line":20,"column":18},"end":{"line":20,"column":50}},{"start":{"line":20,"column":54},"end":{"line":20,"column":78}}]},"1":{"loc":{"start":{"line":24,"column":16},"end":{"line":24,"column":49}},"type":"binary-expr","locations":[{"start":{"line":24,"column":16},"end":{"line":24,"column":41}},{"start":{"line":24,"column":45},"end":{"line":24,"column":49}}]},"2":{"loc":{"start":{"line":26,"column":4},"end":{"line":28,"column":5}},"type":"if","locations":[{"start":{"line":26,"column":4},"end":{"line":28,"column":5}}]}},"s":{"0":1,"1":1,"2":1,"3":1,"4":1,"5":1,"6":1,"7":1,"8":1,"9":1,"10":1},"f":{"0":1},"b":{"0":[1,1],"1":[1,0],"2":[1]}}
,"/Users/sonquach/Documents/coding/challenge/netflix-clone-backend/src/middleware/cache.middleware.ts": {"path":"/Users/sonquach/Documents/coding/challenge/netflix-clone-backend/src/middleware/cache.middleware.ts","statementMap":{"0":{"start":{"line":2,"column":0},"end":{"line":2,"column":52}},"1":{"start":{"line":10,"column":26},"end":{"line":23,"column":1}},"2":{"start":{"line":11,"column":2},"end":{"line":22,"column":null}},"3":{"start":{"line":12,"column":4},"end":{"line":21,"column":5}},"4":{"start":{"line":13,"column":25},"end":{"line":13,"column":51}},"5":{"start":{"line":14,"column":6},"end":{"line":17,"column":7}},"6":{"start":{"line":15,"column":8},"end":{"line":15,"column":null}},"7":{"start":{"line":16,"column":8},"end":{"line":16,"column":14}},"8":{"start":{"line":18,"column":6},"end":{"line":18,"column":null}},"9":{"start":{"line":20,"column":6},"end":{"line":20,"column":null}},"10":{"start":{"line":10,"column":13},"end":{"line":10,"column":26}}},"fnMap":{"0":{"name":"(anonymous_0)","decl":{"start":{"line":10,"column":26},"end":{"line":10,"column":27}},"loc":{"start":{"line":10,"column":42},"end":{"line":23,"column":1}}},"1":{"name":"(anonymous_1)","decl":{"start":{"line":11,"column":9},"end":{"line":11,"column":14}},"loc":{"start":{"line":11,"column":82},"end":{"line":22,"column":3}}}},"branchMap":{"0":{"loc":{"start":{"line":14,"column":6},"end":{"line":17,"column":7}},"type":"if","locations":[{"start":{"line":14,"column":6},"end":{"line":17,"column":7}}]}},"s":{"0":1,"1":1,"2":1,"3":0,"4":0,"5":0,"6":0,"7":0,"8":0,"9":0,"10":1},"f":{"0":1,"1":0},"b":{"0":[0]}}
,"/Users/sonquach/Documents/coding/challenge/netflix-clone-backend/src/middleware/error-handler.middleware.ts": {"path":"/Users/sonquach/Documents/coding/challenge/netflix-clone-backend/src/middleware/error-handler.middleware.ts","statementMap":{"0":{"start":{"line":2,"column":0},"end":{"line":2,"column":58}},"1":{"start":{"line":3,"column":0},"end":{"line":3,"column":65}},"2":{"start":{"line":4,"column":0},"end":{"line":4,"column":30}},"3":{"start":{"line":15,"column":28},"end":{"line":27,"column":1}},"4":{"start":{"line":16,"column":2},"end":{"line":18,"column":3}},"5":{"start":{"line":17,"column":4},"end":{"line":17,"column":null}},"6":{"start":{"line":20,"column":2},"end":{"line":26,"column":3}},"7":{"start":{"line":21,"column":4},"end":{"line":21,"column":null}},"8":{"start":{"line":23,"column":4},"end":{"line":23,"column":null}},"9":{"start":{"line":24,"column":26},"end":{"line":24,"column":51}},"10":{"start":{"line":25,"column":4},"end":{"line":25,"column":null}},"11":{"start":{"line":15,"column":13},"end":{"line":15,"column":28}}},"fnMap":{"0":{"name":"(anonymous_1)","decl":{"start":{"line":15,"column":28},"end":{"line":15,"column":29}},"loc":{"start":{"line":15,"column":117},"end":{"line":27,"column":1}}}},"branchMap":{"0":{"loc":{"start":{"line":16,"column":2},"end":{"line":18,"column":3}},"type":"if","locations":[{"start":{"line":16,"column":2},"end":{"line":18,"column":3}}]},"1":{"loc":{"start":{"line":20,"column":2},"end":{"line":26,"column":3}},"type":"if","locations":[{"start":{"line":20,"column":2},"end":{"line":26,"column":3}},{"start":{"line":22,"column":9},"end":{"line":26,"column":3}}]}},"s":{"0":1,"1":1,"2":1,"3":1,"4":9,"5":0,"6":9,"7":9,"8":0,"9":0,"10":0,"11":1},"f":{"0":9},"b":{"0":[0],"1":[9,0]}}
,"/Users/sonquach/Documents/coding/challenge/netflix-clone-backend/src/middleware/log-response-time.middleware.ts": {"path":"/Users/sonquach/Documents/coding/challenge/netflix-clone-backend/src/middleware/log-response-time.middleware.ts","statementMap":{"0":{"start":{"line":2,"column":0},"end":{"line":2,"column":29}},"1":{"start":{"line":12,"column":24},"end":{"line":27,"column":1}},"2":{"start":{"line":13,"column":22},"end":{"line":13,"column":38}},"3":{"start":{"line":15,"column":2},"end":{"line":24,"column":null}},"4":{"start":{"line":16,"column":26},"end":{"line":16,"column":53}},"5":{"start":{"line":17,"column":28},"end":{"line":17,"column":76}},"6":{"start":{"line":18,"column":20},"end":{"line":18,"column":87}},"7":{"start":{"line":19,"column":4},"end":{"line":23,"column":null}},"8":{"start":{"line":26,"column":2},"end":{"line":26,"column":null}},"9":{"start":{"line":29,"column":0},"end":{"line":29,"column":null}}},"fnMap":{"0":{"name":"(anonymous_1)","decl":{"start":{"line":12,"column":24},"end":{"line":12,"column":25}},"loc":{"start":{"line":12,"column":82},"end":{"line":27,"column":1}}},"1":{"name":"(anonymous_2)","decl":{"start":{"line":15,"column":19},"end":{"line":15,"column":22}},"loc":{"start":{"line":15,"column":24},"end":{"line":24,"column":3}}}},"branchMap":{},"s":{"0":1,"1":1,"2":14,"3":14,"4":14,"5":14,"6":14,"7":14,"8":14,"9":1},"f":{"0":14,"1":14},"b":{}}
,"/Users/sonquach/Documents/coding/challenge/netflix-clone-backend/src/middleware/protect-route.middleware.ts": {"path":"/Users/sonquach/Documents/coding/challenge/netflix-clone-backend/src/middleware/protect-route.middleware.ts","statementMap":{"0":{"start":{"line":1,"column":0},"end":{"line":1,"column":46}},"1":{"start":{"line":3,"column":0},"end":{"line":3,"column":42}},"2":{"start":{"line":4,"column":0},"end":{"line":4,"column":64}},"3":{"start":{"line":5,"column":0},"end":{"line":5,"column":46}},"4":{"start":{"line":6,"column":0},"end":{"line":6,"column":59}},"5":{"start":{"line":7,"column":0},"end":{"line":7,"column":30}},"6":{"start":{"line":24,"column":28},"end":{"line":57,"column":1}},"7":{"start":{"line":25,"column":2},"end":{"line":56,"column":3}},"8":{"start":{"line":26,"column":18},"end":{"line":26,"column":44}},"9":{"start":{"line":28,"column":4},"end":{"line":30,"column":5}},"10":{"start":{"line":29,"column":6},"end":{"line":29,"column":null}},"11":{"start":{"line":32,"column":4},"end":{"line":34,"column":5}},"12":{"start":{"line":33,"column":6},"end":{"line":33,"column":null}},"13":{"start":{"line":36,"column":20},"end":{"line":36,"column":77}},"14":{"start":{"line":38,"column":4},"end":{"line":40,"column":5}},"15":{"start":{"line":39,"column":6},"end":{"line":39,"column":null}},"16":{"start":{"line":42,"column":17},"end":{"line":42,"column":72}},"17":{"start":{"line":44,"column":4},"end":{"line":46,"column":5}},"18":{"start":{"line":45,"column":6},"end":{"line":45,"column":null}},"19":{"start":{"line":48,"column":4},"end":{"line":48,"column":null}},"20":{"start":{"line":49,"column":4},"end":{"line":49,"column":null}},"21":{"start":{"line":51,"column":4},"end":{"line":54,"column":null}},"22":{"start":{"line":55,"column":4},"end":{"line":55,"column":null}},"23":{"start":{"line":24,"column":13},"end":{"line":24,"column":28}}},"fnMap":{"0":{"name":"(anonymous_1)","decl":{"start":{"line":24,"column":28},"end":{"line":24,"column":33}},"loc":{"start":{"line":24,"column":101},"end":{"line":57,"column":1}}}},"branchMap":{"0":{"loc":{"start":{"line":28,"column":4},"end":{"line":30,"column":5}},"type":"if","locations":[{"start":{"line":28,"column":4},"end":{"line":30,"column":5}}]},"1":{"loc":{"start":{"line":32,"column":4},"end":{"line":34,"column":5}},"type":"if","locations":[{"start":{"line":32,"column":4},"end":{"line":34,"column":5}}]},"2":{"loc":{"start":{"line":38,"column":4},"end":{"line":40,"column":5}},"type":"if","locations":[{"start":{"line":38,"column":4},"end":{"line":40,"column":5}}]},"3":{"loc":{"start":{"line":38,"column":8},"end":{"line":38,"column":35}},"type":"binary-expr","locations":[{"start":{"line":38,"column":8},"end":{"line":38,"column":16}},{"start":{"line":38,"column":20},"end":{"line":38,"column":35}}]},"4":{"loc":{"start":{"line":44,"column":4},"end":{"line":46,"column":5}},"type":"if","locations":[{"start":{"line":44,"column":4},"end":{"line":46,"column":5}}]}},"s":{"0":1,"1":1,"2":1,"3":1,"4":1,"5":1,"6":1,"7":2,"8":2,"9":2,"10":1,"11":1,"12":0,"13":1,"14":1,"15":0,"16":1,"17":1,"18":0,"19":1,"20":1,"21":1,"22":1,"23":1},"f":{"0":2},"b":{"0":[1],"1":[0],"2":[0],"3":[1,1],"4":[0]}}
,"/Users/sonquach/Documents/coding/challenge/netflix-clone-backend/src/middleware/rate-limit.middleware.ts": {"path":"/Users/sonquach/Documents/coding/challenge/netflix-clone-backend/src/middleware/rate-limit.middleware.ts","statementMap":{"0":{"start":{"line":1,"column":0},"end":{"line":1,"column":42}},"1":{"start":{"line":13,"column":28},"end":{"line":18,"column":2}},"2":{"start":{"line":20,"column":0},"end":{"line":20,"column":null}}},"fnMap":{},"branchMap":{},"s":{"0":1,"1":1,"2":1},"f":{},"b":{}}
,"/Users/sonquach/Documents/coding/challenge/netflix-clone-backend/src/models/user.model.ts": {"path":"/Users/sonquach/Documents/coding/challenge/netflix-clone-backend/src/models/user.model.ts","statementMap":{"0":{"start":{"line":1,"column":0},"end":{"line":1,"column":53}},"1":{"start":{"line":19,"column":40},"end":{"line":41,"column":2}},"2":{"start":{"line":43,"column":27},"end":{"line":66,"column":2}},"3":{"start":{"line":68,"column":13},"end":{"line":68,"column":null}}},"fnMap":{},"branchMap":{},"s":{"0":2,"1":2,"2":2,"3":2},"f":{},"b":{}}
,"/Users/sonquach/Documents/coding/challenge/netflix-clone-backend/src/routes/auth.route.ts": {"path":"/Users/sonquach/Documents/coding/challenge/netflix-clone-backend/src/routes/auth.route.ts","statementMap":{"0":{"start":{"line":1,"column":0},"end":{"line":1,"column":32}},"1":{"start":{"line":2,"column":0},"end":{"line":2,"column":80}},"2":{"start":{"line":3,"column":0},"end":{"line":3,"column":68}},"3":{"start":{"line":5,"column":19},"end":{"line":5,"column":27}},"4":{"start":{"line":7,"column":0},"end":{"line":7,"column":null}},"5":{"start":{"line":8,"column":0},"end":{"line":8,"column":null}},"6":{"start":{"line":9,"column":0},"end":{"line":9,"column":null}},"7":{"start":{"line":11,"column":0},"end":{"line":11,"column":null}},"8":{"start":{"line":13,"column":0},"end":{"line":13,"column":null}}},"fnMap":{},"branchMap":{},"s":{"0":1,"1":1,"2":1,"3":1,"4":1,"5":1,"6":1,"7":1,"8":1},"f":{},"b":{}}
,"/Users/sonquach/Documents/coding/challenge/netflix-clone-backend/src/routes/cache.route.ts": {"path":"/Users/sonquach/Documents/coding/challenge/netflix-clone-backend/src/routes/cache.route.ts","statementMap":{"0":{"start":{"line":1,"column":0},"end":{"line":1,"column":32}},"1":{"start":{"line":2,"column":0},"end":{"line":2,"column":52}},"2":{"start":{"line":3,"column":0},"end":{"line":3,"column":59}},"3":{"start":{"line":5,"column":20},"end":{"line":5,"column":28}},"4":{"start":{"line":7,"column":0},"end":{"line":15,"column":null}},"5":{"start":{"line":8,"column":2},"end":{"line":14,"column":3}},"6":{"start":{"line":9,"column":24},"end":{"line":9,"column":56}},"7":{"start":{"line":10,"column":4},"end":{"line":10,"column":null}},"8":{"start":{"line":11,"column":4},"end":{"line":11,"column":null}},"9":{"start":{"line":13,"column":4},"end":{"line":13,"column":null}},"10":{"start":{"line":17,"column":0},"end":{"line":17,"column":null}}},"fnMap":{"0":{"name":"(anonymous_0)","decl":{"start":{"line":7,"column":52},"end":{"line":7,"column":57}},"loc":{"start":{"line":7,"column":77},"end":{"line":15,"column":1}}}},"branchMap":{},"s":{"0":1,"1":1,"2":1,"3":1,"4":1,"5":0,"6":0,"7":0,"8":0,"9":0,"10":1},"f":{"0":0},"b":{}}
,"/Users/sonquach/Documents/coding/challenge/netflix-clone-backend/src/routes/index.ts": {"path":"/Users/sonquach/Documents/coding/challenge/netflix-clone-backend/src/routes/index.ts","statementMap":{"0":{"start":{"line":1,"column":0},"end":{"line":1,"column":29}},"1":{"start":{"line":2,"column":0},"end":{"line":2,"column":37}},"2":{"start":{"line":3,"column":0},"end":{"line":3,"column":39}},"3":{"start":{"line":4,"column":0},"end":{"line":4,"column":33}},"4":{"start":{"line":5,"column":0},"end":{"line":5,"column":41}},"5":{"start":{"line":6,"column":0},"end":{"line":6,"column":68}},"6":{"start":{"line":7,"column":0},"end":{"line":7,"column":39}},"7":{"start":{"line":8,"column":0},"end":{"line":8,"column":39}},"8":{"start":{"line":10,"column":15},"end":{"line":10,"column":31}},"9":{"start":{"line":11,"column":20},"end":{"line":11,"column":51}},"10":{"start":{"line":13,"column":0},"end":{"line":13,"column":null}},"11":{"start":{"line":14,"column":0},"end":{"line":14,"column":null}},"12":{"start":{"line":15,"column":0},"end":{"line":15,"column":null}},"13":{"start":{"line":16,"column":0},"end":{"line":16,"column":null}},"14":{"start":{"line":17,"column":0},"end":{"line":17,"column":null}},"15":{"start":{"line":20,"column":0},"end":{"line":20,"column":null}},"16":{"start":{"line":23,"column":0},"end":{"line":25,"column":null}},"17":{"start":{"line":24,"column":2},"end":{"line":24,"column":null}},"18":{"start":{"line":27,"column":0},"end":{"line":27,"column":null}}},"fnMap":{"0":{"name":"(anonymous_1)","decl":{"start":{"line":23,"column":22},"end":{"line":23,"column":23}},"loc":{"start":{"line":23,"column":35},"end":{"line":25,"column":1}}}},"branchMap":{"0":{"loc":{"start":{"line":11,"column":20},"end":{"line":11,"column":51}},"type":"binary-expr","locations":[{"start":{"line":11,"column":20},"end":{"line":11,"column":43}},{"start":{"line":11,"column":47},"end":{"line":11,"column":51}}]}},"s":{"0":1,"1":1,"2":1,"3":1,"4":1,"5":1,"6":1,"7":1,"8":1,"9":1,"10":1,"11":1,"12":1,"13":1,"14":1,"15":1,"16":1,"17":0,"18":1},"f":{"0":0},"b":{"0":[1,0]}}
,"/Users/sonquach/Documents/coding/challenge/netflix-clone-backend/src/routes/movie.route.ts": {"path":"/Users/sonquach/Documents/coding/challenge/netflix-clone-backend/src/routes/movie.route.ts","statementMap":{"0":{"start":{"line":1,"column":0},"end":{"line":1,"column":29}},"1":{"start":{"line":2,"column":0},"end":{"line":2,"column":null}},"2":{"start":{"line":10,"column":20},"end":{"line":10,"column":36}},"3":{"start":{"line":12,"column":0},"end":{"line":12,"column":null}},"4":{"start":{"line":13,"column":0},"end":{"line":13,"column":null}},"5":{"start":{"line":14,"column":0},"end":{"line":14,"column":null}},"6":{"start":{"line":15,"column":0},"end":{"line":15,"column":null}},"7":{"start":{"line":16,"column":0},"end":{"line":16,"column":null}},"8":{"start":{"line":18,"column":0},"end":{"line":18,"column":null}}},"fnMap":{},"branchMap":{},"s":{"0":1,"1":1,"2":1,"3":1,"4":1,"5":1,"6":1,"7":1,"8":1},"f":{},"b":{}}
,"/Users/sonquach/Documents/coding/challenge/netflix-clone-backend/src/routes/search.route.ts": {"path":"/Users/sonquach/Documents/coding/challenge/netflix-clone-backend/src/routes/search.route.ts","statementMap":{"0":{"start":{"line":1,"column":0},"end":{"line":1,"column":29}},"1":{"start":{"line":2,"column":0},"end":{"line":2,"column":null}},"2":{"start":{"line":10,"column":21},"end":{"line":10,"column":37}},"3":{"start":{"line":12,"column":0},"end":{"line":12,"column":null}},"4":{"start":{"line":13,"column":0},"end":{"line":13,"column":null}},"5":{"start":{"line":14,"column":0},"end":{"line":14,"column":null}},"6":{"start":{"line":15,"column":0},"end":{"line":15,"column":null}},"7":{"start":{"line":17,"column":0},"end":{"line":17,"column":null}},"8":{"start":{"line":19,"column":0},"end":{"line":19,"column":null}}},"fnMap":{},"branchMap":{},"s":{"0":1,"1":1,"2":1,"3":1,"4":1,"5":1,"6":1,"7":1,"8":1},"f":{},"b":{}}
,"/Users/sonquach/Documents/coding/challenge/netflix-clone-backend/src/routes/tv.route.ts": {"path":"/Users/sonquach/Documents/coding/challenge/netflix-clone-backend/src/routes/tv.route.ts","statementMap":{"0":{"start":{"line":1,"column":0},"end":{"line":1,"column":29}},"1":{"start":{"line":2,"column":0},"end":{"line":2,"column":null}},"2":{"start":{"line":10,"column":17},"end":{"line":10,"column":33}},"3":{"start":{"line":12,"column":0},"end":{"line":12,"column":null}},"4":{"start":{"line":13,"column":0},"end":{"line":13,"column":null}},"5":{"start":{"line":14,"column":0},"end":{"line":14,"column":null}},"6":{"start":{"line":15,"column":0},"end":{"line":15,"column":null}},"7":{"start":{"line":16,"column":0},"end":{"line":16,"column":null}},"8":{"start":{"line":18,"column":0},"end":{"line":18,"column":null}}},"fnMap":{},"branchMap":{},"s":{"0":1,"1":1,"2":1,"3":1,"4":1,"5":1,"6":1,"7":1,"8":1},"f":{},"b":{}}
,"/Users/sonquach/Documents/coding/challenge/netflix-clone-backend/src/routes/dev/doc.route.ts": {"path":"/Users/sonquach/Documents/coding/challenge/netflix-clone-backend/src/routes/dev/doc.route.ts","statementMap":{"0":{"start":{"line":1,"column":0},"end":{"line":1,"column":29}},"1":{"start":{"line":2,"column":0},"end":{"line":2,"column":19}},"2":{"start":{"line":3,"column":0},"end":{"line":3,"column":26}},"3":{"start":{"line":4,"column":0},"end":{"line":4,"column":23}},"4":{"start":{"line":5,"column":0},"end":{"line":5,"column":42}},"5":{"start":{"line":6,"column":0},"end":{"line":6,"column":49}},"6":{"start":{"line":8,"column":0},"end":{"line":8,"column":null}},"7":{"start":{"line":10,"column":18},"end":{"line":10,"column":34}},"8":{"start":{"line":12,"column":25},"end":{"line":14,"column":null}},"9":{"start":{"line":16,"column":30},"end":{"line":16,"column":72}},"10":{"start":{"line":17,"column":0},"end":{"line":17,"column":null}},"11":{"start":{"line":18,"column":0},"end":{"line":24,"column":1}},"12":{"start":{"line":19,"column":2},"end":{"line":19,"column":null}},"13":{"start":{"line":21,"column":22},"end":{"line":21,"column":89}},"14":{"start":{"line":22,"column":2},"end":{"line":22,"column":null}},"15":{"start":{"line":23,"column":2},"end":{"line":23,"column":null}},"16":{"start":{"line":26,"column":0},"end":{"line":26,"column":null}}},"fnMap":{},"branchMap":{"0":{"loc":{"start":{"line":18,"column":0},"end":{"line":24,"column":1}},"type":"if","locations":[{"start":{"line":18,"column":0},"end":{"line":24,"column":1}}]}},"s":{"0":1,"1":1,"2":1,"3":1,"4":1,"5":1,"6":1,"7":1,"8":1,"9":1,"10":1,"11":1,"12":0,"13":0,"14":0,"15":0,"16":1},"f":{},"b":{"0":[0]}}
,"/Users/sonquach/Documents/coding/challenge/netflix-clone-backend/src/services/tmdb.service.ts": {"path":"/Users/sonquach/Documents/coding/challenge/netflix-clone-backend/src/services/tmdb.service.ts","statementMap":{"0":{"start":{"line":1,"column":0},"end":{"line":1,"column":44}},"1":{"start":{"line":2,"column":0},"end":{"line":2,"column":65}},"2":{"start":{"line":3,"column":0},"end":{"line":3,"column":46}},"3":{"start":{"line":5,"column":29},"end":{"line":29,"column":1}},"4":{"start":{"line":6,"column":2},"end":{"line":8,"column":3}},"5":{"start":{"line":7,"column":4},"end":{"line":7,"column":null}},"6":{"start":{"line":10,"column":18},"end":{"line":15,"column":null}},"7":{"start":{"line":18,"column":2},"end":{"line":22,"column":3}},"8":{"start":{"line":19,"column":4},"end":{"line":19,"column":null}},"9":{"start":{"line":21,"column":4},"end":{"line":21,"column":null}},"10":{"start":{"line":24,"column":2},"end":{"line":26,"column":3}},"11":{"start":{"line":25,"column":4},"end":{"line":25,"column":null}},"12":{"start":{"line":28,"column":2},"end":{"line":28,"column":null}},"13":{"start":{"line":5,"column":13},"end":{"line":5,"column":29}}},"fnMap":{"0":{"name":"(anonymous_1)","decl":{"start":{"line":5,"column":29},"end":{"line":5,"column":34}},"loc":{"start":{"line":5,"column":66},"end":{"line":29,"column":1}}}},"branchMap":{"0":{"loc":{"start":{"line":6,"column":2},"end":{"line":8,"column":3}},"type":"if","locations":[{"start":{"line":6,"column":2},"end":{"line":8,"column":3}}]},"1":{"loc":{"start":{"line":24,"column":2},"end":{"line":26,"column":3}},"type":"if","locations":[{"start":{"line":24,"column":2},"end":{"line":26,"column":3}}]}},"s":{"0":1,"1":1,"2":1,"3":1,"4":0,"5":0,"6":0,"7":0,"8":0,"9":0,"10":0,"11":0,"12":0,"13":1},"f":{"0":0},"b":{"0":[0],"1":[0]}}
,"/Users/sonquach/Documents/coding/challenge/netflix-clone-backend/src/utils/auth-utils.ts": {"path":"/Users/sonquach/Documents/coding/challenge/netflix-clone-backend/src/utils/auth-utils.ts","statementMap":{"0":{"start":{"line":8,"column":0},"end":{"line":8,"column":16}},"1":{"start":{"line":16,"column":0},"end":{"line":16,"column":16}},"2":{"start":{"line":29,"column":0},"end":{"line":29,"column":16}},"3":{"start":{"line":38,"column":0},"end":{"line":38,"column":7}},"4":{"start":{"line":44,"column":0},"end":{"line":44,"column":16}},"5":{"start":{"line":50,"column":0},"end":{"line":50,"column":7}},"6":{"start":{"line":63,"column":0},"end":{"line":63,"column":7}},"7":{"start":{"line":1,"column":0},"end":{"line":1,"column":42}},"8":{"start":{"line":2,"column":0},"end":{"line":2,"column":46}},"9":{"start":{"line":3,"column":0},"end":{"line":3,"column":60}},"10":{"start":{"line":4,"column":0},"end":{"line":4,"column":47}},"11":{"start":{"line":5,"column":0},"end":{"line":5,"column":31}},"12":{"start":{"line":9,"column":21},"end":{"line":9,"column":49}},"13":{"start":{"line":10,"column":2},"end":{"line":12,"column":3}},"14":{"start":{"line":11,"column":4},"end":{"line":11,"column":null}},"15":{"start":{"line":17,"column":2},"end":{"line":19,"column":3}},"16":{"start":{"line":18,"column":4},"end":{"line":18,"column":null}},"17":{"start":{"line":21,"column":2},"end":{"line":21,"column":null}},"18":{"start":{"line":23,"column":2},"end":{"line":25,"column":3}},"19":{"start":{"line":24,"column":4},"end":{"line":24,"column":null}},"20":{"start":{"line":30,"column":2},"end":{"line":32,"column":3}},"21":{"start":{"line":31,"column":4},"end":{"line":31,"column":null}},"22":{"start":{"line":34,"column":2},"end":{"line":34,"column":null}},"23":{"start":{"line":39,"column":15},"end":{"line":39,"column":41}},"24":{"start":{"line":40,"column":2},"end":{"line":40,"column":null}},"25":{"start":{"line":45,"column":23},"end":{"line":45,"column":71}},"26":{"start":{"line":46,"column":2},"end":{"line":46,"column":null}},"27":{"start":{"line":51,"column":30},"end":{"line":51,"column":59}},"28":{"start":{"line":52,"column":2},"end":{"line":54,"column":3}},"29":{"start":{"line":53,"column":4},"end":{"line":53,"column":null}},"30":{"start":{"line":56,"column":33},"end":{"line":56,"column":65}},"31":{"start":{"line":57,"column":2},"end":{"line":59,"column":3}},"32":{"start":{"line":58,"column":4},"end":{"line":58,"column":null}},"33":{"start":{"line":64,"column":15},"end":{"line":64,"column":44}},"34":{"start":{"line":65,"column":2},"end":{"line":67,"column":3}},"35":{"start":{"line":66,"column":4},"end":{"line":66,"column":null}},"36":{"start":{"line":69,"column":28},"end":{"line":69,"column":75}},"37":{"start":{"line":70,"column":2},"end":{"line":72,"column":3}},"38":{"start":{"line":71,"column":4},"end":{"line":71,"column":null}},"39":{"start":{"line":74,"column":2},"end":{"line":74,"column":null}}},"fnMap":{"0":{"name":"validateEmail","decl":{"start":{"line":8,"column":16},"end":{"line":8,"column":29}},"loc":{"start":{"line":8,"column":43},"end":{"line":13,"column":1}}},"1":{"name":"validateSignupInput","decl":{"start":{"line":16,"column":16},"end":{"line":16,"column":35}},"loc":{"start":{"line":16,"column":85},"end":{"line":26,"column":1}}},"2":{"name":"validateLoginInput","decl":{"start":{"line":29,"column":16},"end":{"line":29,"column":34}},"loc":{"start":{"line":29,"column":66},"end":{"line":35,"column":1}}},"3":{"name":"hashPassword","decl":{"start":{"line":38,"column":22},"end":{"line":38,"column":34}},"loc":{"start":{"line":38,"column":51},"end":{"line":41,"column":1}}},"4":{"name":"getRandomProfilePic","decl":{"start":{"line":44,"column":16},"end":{"line":44,"column":35}},"loc":{"start":{"line":44,"column":35},"end":{"line":47,"column":1}}},"5":{"name":"checkIfUserExists","decl":{"start":{"line":50,"column":22},"end":{"line":50,"column":39}},"loc":{"start":{"line":50,"column":71},"end":{"line":60,"column":1}}},"6":{"name":"authenticateUser","decl":{"start":{"line":63,"column":22},"end":{"line":63,"column":38}},"loc":{"start":{"line":63,"column":70},"end":{"line":75,"column":1}}}},"branchMap":{"0":{"loc":{"start":{"line":10,"column":2},"end":{"line":12,"column":3}},"type":"if","locations":[{"start":{"line":10,"column":2},"end":{"line":12,"column":3}}]},"1":{"loc":{"start":{"line":17,"column":2},"end":{"line":19,"column":3}},"type":"if","locations":[{"start":{"line":17,"column":2},"end":{"line":19,"column":3}}]},"2":{"loc":{"start":{"line":17,"column":6},"end":{"line":17,"column":38}},"type":"binary-expr","locations":[{"start":{"line":17,"column":6},"end":{"line":17,"column":12}},{"start":{"line":17,"column":16},"end":{"line":17,"column":25}},{"start":{"line":17,"column":29},"end":{"line":17,"column":38}}]},"3":{"loc":{"start":{"line":23,"column":2},"end":{"line":25,"column":3}},"type":"if","locations":[{"start":{"line":23,"column":2},"end":{"line":25,"column":3}}]},"4":{"loc":{"start":{"line":30,"column":2},"end":{"line":32,"column":3}},"type":"if","locations":[{"start":{"line":30,"column":2},"end":{"line":32,"column":3}}]},"5":{"loc":{"start":{"line":30,"column":6},"end":{"line":30,"column":25}},"type":"binary-expr","locations":[{"start":{"line":30,"column":6},"end":{"line":30,"column":12}},{"start":{"line":30,"column":16},"end":{"line":30,"column":25}}]},"6":{"loc":{"start":{"line":52,"column":2},"end":{"line":54,"column":3}},"type":"if","locations":[{"start":{"line":52,"column":2},"end":{"line":54,"column":3}}]},"7":{"loc":{"start":{"line":57,"column":2},"end":{"line":59,"column":3}},"type":"if","locations":[{"start":{"line":57,"column":2},"end":{"line":59,"column":3}}]},"8":{"loc":{"start":{"line":65,"column":2},"end":{"line":67,"column":3}},"type":"if","locations":[{"start":{"line":65,"column":2},"end":{"line":67,"column":3}}]},"9":{"loc":{"start":{"line":70,"column":2},"end":{"line":72,"column":3}},"type":"if","locations":[{"start":{"line":70,"column":2},"end":{"line":72,"column":3}}]}},"s":{"0":1,"1":1,"2":1,"3":1,"4":1,"5":1,"6":1,"7":1,"8":1,"9":1,"10":1,"11":1,"12":0,"13":0,"14":0,"15":0,"16":0,"17":0,"18":0,"19":0,"20":0,"21":0,"22":0,"23":0,"24":0,"25":0,"26":0,"27":0,"28":0,"29":0,"30":0,"31":0,"32":0,"33":0,"34":0,"35":0,"36":0,"37":0,"38":0,"39":0},"f":{"0":0,"1":0,"2":0,"3":0,"4":0,"5":0,"6":0},"b":{"0":[0],"1":[0],"2":[0,0,0],"3":[0],"4":[0],"5":[0,0],"6":[0],"7":[0],"8":[0],"9":[0]}}
,"/Users/sonquach/Documents/coding/challenge/netflix-clone-backend/src/utils/generate-token.ts": {"path":"/Users/sonquach/Documents/coding/challenge/netflix-clone-backend/src/utils/generate-token.ts","statementMap":{"0":{"start":{"line":1,"column":0},"end":{"line":1,"column":30}},"1":{"start":{"line":4,"column":41},"end":{"line":19,"column":1}},"2":{"start":{"line":5,"column":2},"end":{"line":7,"column":3}},"3":{"start":{"line":6,"column":4},"end":{"line":6,"column":null}},"4":{"start":{"line":9,"column":16},"end":{"line":9,"column":82}},"5":{"start":{"line":11,"column":2},"end":{"line":16,"column":null}},"6":{"start":{"line":18,"column":2},"end":{"line":18,"column":null}},"7":{"start":{"line":4,"column":13},"end":{"line":4,"column":41}}},"fnMap":{"0":{"name":"(anonymous_1)","decl":{"start":{"line":4,"column":41},"end":{"line":4,"column":42}},"loc":{"start":{"line":4,"column":83},"end":{"line":19,"column":1}}}},"branchMap":{"0":{"loc":{"start":{"line":5,"column":2},"end":{"line":7,"column":3}},"type":"if","locations":[{"start":{"line":5,"column":2},"end":{"line":7,"column":3}}]}},"s":{"0":1,"1":1,"2":3,"3":0,"4":3,"5":3,"6":3,"7":1},"f":{"0":3},"b":{"0":[0]}}
}
