TN:
SF:src/app.ts
FN:24,(anonymous_1)
FN:25,(anonymous_2)
FNF:2
FNH:1
FNDA:1,(anonymous_1)
FNDA:0,(anonymous_2)
DA:1,1
DA:2,1
DA:3,1
DA:4,1
DA:5,1
DA:6,1
DA:7,1
DA:8,1
DA:11,1
DA:14,1
DA:15,1
DA:18,1
DA:21,1
DA:24,1
DA:25,1
DA:27,1
LF:16
LH:16
BRF:0
BRH:0
end_of_record
TN:
SF:src/logger.ts
FN:11,(anonymous_1)
FNF:1
FNH:1
FNDA:6,(anonymous_1)
DA:1,1
DA:2,1
DA:3,1
DA:4,1
DA:6,1
DA:12,6
DA:13,0
DA:18,6
DA:25,1
DA:32,1
LF:10
LH:9
BRDA:12,0,0,0
BRDA:29,1,0,0
BRDA:29,1,1,1
BRF:3
BRH:1
end_of_record
TN:
SF:src/config/dotenv.config.ts
FN:4,(anonymous_1)
FNF:1
FNH:1
FNDA:4,(anonymous_1)
DA:1,1
DA:3,1
DA:5,4
DA:6,4
DA:7,0
LF:5
LH:4
BRDA:6,0,0,0
BRF:1
BRH:0
end_of_record
TN:
SF:src/config/express.config.ts
FN:10,(anonymous_1)
FNF:1
FNH:1
FNDA:1,(anonymous_1)
DA:2,1
DA:3,1
DA:4,1
DA:5,1
DA:6,1
DA:8,1
DA:10,1
DA:11,1
DA:20,1
DA:21,1
DA:22,1
DA:23,1
LF:12
LH:12
BRF:0
BRH:0
end_of_record
TN:
SF:src/config/redis.config.ts
FNF:0
FNH:0
DA:1,1
DA:3,1
DA:9,1
LF:3
LH:3
BRDA:4,0,0,1
BRDA:4,0,1,0
BRDA:5,1,0,1
BRDA:5,1,1,0
BRF:4
BRH:2
end_of_record
TN:
SF:src/controllers/auth.controller.ts
FN:13,signup
FN:51,login
FN:77,logout
FN:86,authCheck
FNF:4
FNH:4
FNDA:5,signup
FNDA:6,login
FNDA:1,logout
FNDA:1,authCheck
DA:2,1
DA:10,1
DA:11,1
DA:13,1
DA:14,5
DA:15,5
DA:18,5
DA:21,5
DA:24,1
DA:27,1
DA:30,1
DA:33,1
DA:36,1
DA:38,1
DA:47,4
DA:51,1
DA:52,6
DA:53,6
DA:56,6
DA:59,6
DA:62,2
DA:64,2
DA:73,4
DA:77,1
DA:78,1
DA:79,1
DA:80,1
DA:82,0
DA:86,1
DA:87,1
DA:88,1
DA:90,0
LF:32
LH:30
BRF:0
BRH:0
end_of_record
TN:
SF:src/controllers/movie.controller.ts
FN:9,getTrendingMovie
FN:23,getMovieTrailers
FN:39,getMovieDetails
FN:65,getSimilarMovies
FN:77,getMoviesByCategory
FNF:5
FNH:0
FNDA:0,getTrendingMovie
FNDA:0,getMovieTrailers
FNDA:0,getMovieDetails
FNDA:0,getSimilarMovies
FNDA:0,getMoviesByCategory
DA:2,1
DA:4,1
DA:7,1
DA:9,1
DA:10,0
DA:11,0
DA:15,0
DA:17,0
DA:19,0
DA:23,1
DA:24,0
DA:25,0
DA:26,0
DA:29,0
DA:31,0
DA:32,0
DA:34,0
DA:39,1
DA:40,0
DA:41,0
DA:42,0
DA:44,0
DA:55,0
DA:57,0
DA:58,0
DA:60,0
DA:65,1
DA:66,0
DA:67,0
DA:68,0
DA:71,0
DA:73,0
DA:77,1
DA:78,0
DA:79,0
DA:80,0
DA:83,0
DA:85,0
LF:38
LH:8
BRDA:31,0,0,0
BRDA:31,0,1,0
BRDA:57,1,0,0
BRDA:57,1,1,0
BRF:4
BRH:0
end_of_record
TN:
SF:src/controllers/search.controller.ts
FN:9,searchPerson
FN:63,searchMovie
FN:81,searchTv
FN:99,getSearchHistory
FN:107,removeItemFromSearchHistory
FNF:5
FNH:0
FNDA:0,searchPerson
FNDA:0,searchMovie
FNDA:0,searchTv
FNDA:0,getSearchHistory
FNDA:0,removeItemFromSearchHistory
DA:2,1
DA:3,1
DA:7,1
DA:9,1
DA:10,0
DA:11,0
DA:12,0
DA:16,0
DA:17,0
DA:21,0
DA:23,0
DA:29,0
DA:30,0
DA:43,0
DA:57,0
DA:59,0
DA:63,1
DA:64,0
DA:66,0
DA:67,0
DA:71,0
DA:72,0
DA:75,0
DA:77,0
DA:81,1
DA:82,0
DA:84,0
DA:85,0
DA:89,0
DA:90,0
DA:93,0
DA:95,0
DA:99,1
DA:100,0
DA:101,0
DA:103,0
DA:107,1
DA:108,0
DA:110,0
DA:112,0
DA:113,0
DA:119,0
DA:121,0
LF:43
LH:8
BRDA:16,0,0,0
BRDA:29,1,0,0
BRDA:29,1,1,0
BRDA:71,2,0,0
BRDA:89,3,0,0
BRF:5
BRH:0
end_of_record
TN:
SF:src/controllers/tv.controller.ts
FN:8,getTrendingTv
FN:21,getTvTrailers
FN:37,getTvDetails
FN:63,getSimilarTvs
FN:75,getTvsByCategory
FNF:5
FNH:0
FNDA:0,getTrendingTv
FNDA:0,getTvTrailers
FNDA:0,getTvDetails
FNDA:0,getSimilarTvs
FNDA:0,getTvsByCategory
DA:2,1
DA:4,1
DA:6,1
DA:8,1
DA:9,0
DA:10,0
DA:13,0
DA:15,0
DA:17,0
DA:21,1
DA:22,0
DA:23,0
DA:24,0
DA:27,0
DA:29,0
DA:30,0
DA:32,0
DA:37,1
DA:38,0
DA:39,0
DA:40,0
DA:42,0
DA:53,0
DA:55,0
DA:56,0
DA:58,0
DA:63,1
DA:64,0
DA:65,0
DA:66,0
DA:69,0
DA:71,0
DA:75,1
DA:76,0
DA:77,0
DA:78,0
DA:81,0
DA:83,0
LF:38
LH:8
BRDA:29,0,0,0
BRDA:29,0,1,0
BRDA:55,1,0,0
BRDA:55,1,1,0
BRF:4
BRH:0
end_of_record
TN:
SF:src/errors/application-error.ts
FN:4,(anonymous_0)
FNF:1
FNH:1
FNDA:9,(anonymous_0)
DA:1,2
DA:5,9
DA:6,9
DA:7,9
LF:4
LH:4
BRDA:4,0,0,0
BRDA:4,1,0,0
BRF:2
BRH:0
end_of_record
TN:
SF:src/errors/bad-request.ts
FN:4,(anonymous_1)
FNF:1
FNH:1
FNDA:4,(anonymous_1)
DA:1,2
DA:3,2
DA:5,4
LF:3
LH:3
BRDA:4,0,0,0
BRF:1
BRH:0
end_of_record
TN:
SF:src/errors/internal-server-error.ts
FN:4,(anonymous_1)
FNF:1
FNH:0
FNDA:0,(anonymous_1)
DA:1,1
DA:3,1
DA:5,0
LF:3
LH:2
BRDA:4,0,0,0
BRF:1
BRH:0
end_of_record
TN:
SF:src/errors/not-found.ts
FN:4,(anonymous_1)
FNF:1
FNH:0
FNDA:0,(anonymous_1)
DA:1,2
DA:3,2
DA:5,0
LF:3
LH:2
BRDA:4,0,0,0
BRF:1
BRH:0
end_of_record
TN:
SF:src/errors/unauthorized-error.ts
FN:4,(anonymous_1)
FNF:1
FNH:1
FNDA:5,(anonymous_1)
DA:1,2
DA:3,2
DA:5,5
LF:3
LH:3
BRDA:4,0,0,0
BRF:1
BRH:0
end_of_record
TN:
SF:src/lib/winston-console-transport.ts
FN:19,(anonymous_1)
FNF:1
FNH:1
FNDA:1,(anonymous_1)
DA:1,1
DA:3,1
DA:9,1
DA:18,1
DA:20,1
DA:21,1
DA:22,1
DA:24,1
DA:26,1
DA:27,1
DA:30,1
LF:11
LH:11
BRDA:20,0,0,1
BRDA:20,0,1,1
BRDA:24,1,0,1
BRDA:24,1,1,0
BRDA:26,2,0,1
BRF:5
BRH:4
end_of_record
TN:
SF:src/middleware/cache.middleware.ts
FN:10,(anonymous_0)
FN:11,(anonymous_1)
FNF:2
FNH:1
FNDA:1,(anonymous_0)
FNDA:0,(anonymous_1)
DA:2,1
DA:10,1
DA:11,1
DA:12,0
DA:13,0
DA:14,0
DA:15,0
DA:16,0
DA:18,0
DA:20,0
LF:10
LH:3
BRDA:14,0,0,0
BRF:1
BRH:0
end_of_record
TN:
SF:src/middleware/error-handler.middleware.ts
FN:15,(anonymous_1)
FNF:1
FNH:1
FNDA:9,(anonymous_1)
DA:2,1
DA:3,1
DA:4,1
DA:15,1
DA:16,9
DA:17,0
DA:20,9
DA:21,9
DA:23,0
DA:24,0
DA:25,0
LF:11
LH:7
BRDA:16,0,0,0
BRDA:20,1,0,9
BRDA:20,1,1,0
BRF:3
BRH:1
end_of_record
TN:
SF:src/middleware/log-response-time.middleware.ts
FN:12,(anonymous_1)
FN:15,(anonymous_2)
FNF:2
FNH:2
FNDA:14,(anonymous_1)
FNDA:14,(anonymous_2)
DA:2,1
DA:12,1
DA:13,14
DA:15,14
DA:16,14
DA:17,14
DA:18,14
DA:19,14
DA:26,14
DA:29,1
LF:10
LH:10
BRF:0
BRH:0
end_of_record
TN:
SF:src/middleware/protect-route.middleware.ts
FN:24,(anonymous_1)
FNF:1
FNH:1
FNDA:2,(anonymous_1)
DA:1,1
DA:3,1
DA:4,1
DA:5,1
DA:6,1
DA:7,1
DA:24,1
DA:25,2
DA:26,2
DA:28,2
DA:29,1
DA:32,1
DA:33,0
DA:36,1
DA:38,1
DA:39,0
DA:42,1
DA:44,1
DA:45,0
DA:48,1
DA:49,1
DA:51,1
DA:55,1
LF:23
LH:20
BRDA:28,0,0,1
BRDA:32,1,0,0
BRDA:38,2,0,0
BRDA:38,3,0,1
BRDA:38,3,1,1
BRDA:44,4,0,0
BRF:6
BRH:3
end_of_record
TN:
SF:src/middleware/rate-limit.middleware.ts
FNF:0
FNH:0
DA:1,1
DA:13,1
DA:20,1
LF:3
LH:3
BRF:0
BRH:0
end_of_record
TN:
SF:src/models/user.model.ts
FNF:0
FNH:0
DA:1,2
DA:19,2
DA:43,2
DA:68,2
LF:4
LH:4
BRF:0
BRH:0
end_of_record
TN:
SF:src/routes/auth.route.ts
FNF:0
FNH:0
DA:1,1
DA:2,1
DA:3,1
DA:5,1
DA:7,1
DA:8,1
DA:9,1
DA:11,1
DA:13,1
LF:9
LH:9
BRF:0
BRH:0
end_of_record
TN:
SF:src/routes/cache.route.ts
FN:7,(anonymous_0)
FNF:1
FNH:0
FNDA:0,(anonymous_0)
DA:1,1
DA:2,1
DA:3,1
DA:5,1
DA:7,1
DA:8,0
DA:9,0
DA:10,0
DA:11,0
DA:13,0
DA:17,1
LF:11
LH:6
BRF:0
BRH:0
end_of_record
TN:
SF:src/routes/index.ts
FN:23,(anonymous_1)
FNF:1
FNH:0
FNDA:0,(anonymous_1)
DA:1,1
DA:2,1
DA:3,1
DA:4,1
DA:5,1
DA:6,1
DA:7,1
DA:8,1
DA:10,1
DA:11,1
DA:13,1
DA:14,1
DA:15,1
DA:16,1
DA:17,1
DA:20,1
DA:23,1
DA:24,0
DA:27,1
LF:19
LH:18
BRDA:11,0,0,1
BRDA:11,0,1,0
BRF:2
BRH:1
end_of_record
TN:
SF:src/routes/movie.route.ts
FNF:0
FNH:0
DA:1,1
DA:2,1
DA:10,1
DA:12,1
DA:13,1
DA:14,1
DA:15,1
DA:16,1
DA:18,1
LF:9
LH:9
BRF:0
BRH:0
end_of_record
TN:
SF:src/routes/search.route.ts
FNF:0
FNH:0
DA:1,1
DA:2,1
DA:10,1
DA:12,1
DA:13,1
DA:14,1
DA:15,1
DA:17,1
DA:19,1
LF:9
LH:9
BRF:0
BRH:0
end_of_record
TN:
SF:src/routes/tv.route.ts
FNF:0
FNH:0
DA:1,1
DA:2,1
DA:10,1
DA:12,1
DA:13,1
DA:14,1
DA:15,1
DA:16,1
DA:18,1
LF:9
LH:9
BRF:0
BRH:0
end_of_record
TN:
SF:src/routes/dev/doc.route.ts
FNF:0
FNH:0
DA:1,1
DA:2,1
DA:3,1
DA:4,1
DA:5,1
DA:6,1
DA:8,1
DA:10,1
DA:12,1
DA:16,1
DA:17,1
DA:18,1
DA:19,0
DA:21,0
DA:22,0
DA:23,0
DA:26,1
LF:17
LH:13
BRDA:18,0,0,0
BRF:1
BRH:0
end_of_record
TN:
SF:src/services/tmdb.service.ts
FN:5,(anonymous_1)
FNF:1
FNH:0
FNDA:0,(anonymous_1)
DA:1,1
DA:2,1
DA:3,1
DA:5,1
DA:6,0
DA:7,0
DA:10,0
DA:18,0
DA:19,0
DA:21,0
DA:24,0
DA:25,0
DA:28,0
LF:13
LH:4
BRDA:6,0,0,0
BRDA:24,1,0,0
BRF:2
BRH:0
end_of_record
TN:
SF:src/utils/auth-utils.ts
FN:8,validateEmail
FN:16,validateSignupInput
FN:29,validateLoginInput
FN:38,hashPassword
FN:44,getRandomProfilePic
FN:50,checkIfUserExists
FN:63,authenticateUser
FNF:7
FNH:0
FNDA:0,validateEmail
FNDA:0,validateSignupInput
FNDA:0,validateLoginInput
FNDA:0,hashPassword
FNDA:0,getRandomProfilePic
FNDA:0,checkIfUserExists
FNDA:0,authenticateUser
DA:1,1
DA:2,1
DA:3,1
DA:4,1
DA:5,1
DA:8,1
DA:9,0
DA:10,0
DA:11,0
DA:16,1
DA:17,0
DA:18,0
DA:21,0
DA:23,0
DA:24,0
DA:29,1
DA:30,0
DA:31,0
DA:34,0
DA:38,1
DA:39,0
DA:40,0
DA:44,1
DA:45,0
DA:46,0
DA:50,1
DA:51,0
DA:52,0
DA:53,0
DA:56,0
DA:57,0
DA:58,0
DA:63,1
DA:64,0
DA:65,0
DA:66,0
DA:69,0
DA:70,0
DA:71,0
DA:74,0
LF:40
LH:12
BRDA:10,0,0,0
BRDA:17,1,0,0
BRDA:17,2,0,0
BRDA:17,2,1,0
BRDA:17,2,2,0
BRDA:23,3,0,0
BRDA:30,4,0,0
BRDA:30,5,0,0
BRDA:30,5,1,0
BRDA:52,6,0,0
BRDA:57,7,0,0
BRDA:65,8,0,0
BRDA:70,9,0,0
BRF:13
BRH:0
end_of_record
TN:
SF:src/utils/generate-token.ts
FN:4,(anonymous_1)
FNF:1
FNH:1
FNDA:3,(anonymous_1)
DA:1,1
DA:4,1
DA:5,3
DA:6,0
DA:9,3
DA:11,3
DA:18,3
LF:7
LH:6
BRDA:5,0,0,0
BRF:1
BRH:0
end_of_record
